[2025-01-25T07:03:08.810231+00:00] SECONDO: .CRITICAL: Failed to connect to API [] []
[2025-01-25T07:03:10.818585+00:00] SECONDO: .CRITICAL: Failed to connect to API [] []
[2025-01-25T07:03:12.000189+00:00] SECONDO: .CRITICAL: Failed to connect to API [] []
[2025-01-25T07:03:13.254369+00:00] SECONDO: .CRITICAL: Failed to connect to API [] []
[2025-01-25T07:03:14.431598+00:00] SECONDO: .CRITICAL: Failed to connect to API [] []
[2025-01-25T07:03:15.622408+00:00] SECONDO: .CRITICAL: Failed to connect to API [] []
[2025-01-25T07:03:16.778938+00:00] SECONDO: .CRITICAL: Failed to connect to API [] []
[2025-01-25T07:03:17.962291+00:00] SECONDO: .CRITICAL: Failed to connect to API [] []
[2025-01-25T07:07:20.438452+00:00] SECONDO: .CRITICAL: Failed to connect to API [] []
[2025-01-25T07:07:21.656920+00:00] SECONDO: .CRITICAL: Failed to connect to API [] []
[2025-01-25T07:07:22.837148+00:00] SECONDO: .CRITICAL: Failed to connect to API [] []
[2025-01-25T07:07:24.049334+00:00] SECONDO: .CRITICAL: Failed to connect to API [] []
[2025-01-25T07:08:43.685458+00:00] SECONDO: .CRITICAL: Failed to connect to API {"Ok":false} []
[2025-01-25T07:08:44.877104+00:00] SECONDO: .CRITICAL: Failed to connect to API {"Ok":false} []
[2025-01-25T07:08:46.055939+00:00] SECONDO: .CRITICAL: Failed to connect to API {"Ok":false} []
[2025-01-25T07:08:47.299470+00:00] SECONDO: .CRITICAL: Failed to connect to API {"Ok":false} []
[2025-01-25T07:08:48.476856+00:00] SECONDO: .CRITICAL: Failed to connect to API {"Ok":false} []
[2025-01-25T07:08:49.658827+00:00] SECONDO: .CRITICAL: Failed to connect to API {"Ok":false} []
[2025-01-26T08:25:22.690594+00:00] SECONDO: .CRITICAL: Failed to connect to API {"Ok":false} []
[2025-01-26T08:25:23.999999+00:00] SECONDO: .CRITICAL: Failed to connect to API {"Ok":false} []
[2025-01-26T08:25:25.176242+00:00] SECONDO: .CRITICAL: Failed to connect to API {"Ok":false} []
[2025-01-26T08:25:26.392960+00:00] SECONDO: .CRITICAL: Failed to connect to API {"Ok":false} []
[2025-01-27T02:45:42.952823+00:00] SECONDO: .ERROR: Cannot send dice! [] []
[2025-01-27T02:53:42.069317+00:00] SECONDO: .ALERT: Cannot send dice! [] []
[2025-01-27T02:54:12.182786+00:00] SECONDO: .ALERT: Cannot send dice! [] []
[2025-01-27T02:54:40.160305+00:00] SECONDO: .ALERT: Cannot send dice! [] []
[2025-01-27T02:55:29.700845+00:00] SECONDO: .ALERT: Cannot send dice! [] []
[2025-01-27T02:59:05.573657+00:00] SECONDO: .ALERT: Cannot send dice! [] []
[2025-01-27T03:07:40.863392+00:00] SECONDO: .ALERT: Dice sent to 8043814486 with emoji 🎲 and value 3 [] []
